<?xml version="1.0" encoding="UTF-8"?>
<!-- Generated by org.testng.reporters.JUnitXMLReporter -->
<testsuite ignored="0" hostname="CIN10145L" failures="0" tests="2" name="Test" time="0.042" errors="0" timestamp="2024-09-11T09:56:37 IST">
  <testcase classname="maventestngpackage.Checking" name="@BeforeClass setUp" time="0.006">
    <failure type="java.lang.IllegalArgumentException" message="searchText must be provided.">
      <![CDATA[java.lang.IllegalArgumentException: searchText must be provided.
at maventestngpackage.Checking.setUp(Checking.java:33)
at java.base/java.util.ArrayList.forEach(ArrayList.java:1511)
... Removed 25 stack frames]]>
    </failure>
  </testcase> <!-- @BeforeClass setUp -->
  <testcase classname="maventestngpackage.Checking" name="@AfterClass tearDown" time="0.0">
    <skipped/>
  </testcase> <!-- @AfterClass tearDown -->
  <testcase classname="maventestngpackage.Checking" name="testOpenBrowser" time="0.0">
    <skipped/>
  </testcase> <!-- testOpenBrowser -->
  <testcase classname="maventestngpackage.Checking" name="searchText" time="0.0">
    <skipped/>
  </testcase> <!-- searchText -->
</testsuite> <!-- Test -->
